<?xml version="1.0" encoding="UTF-8"?>
<testsuite xmlns:xsi="http://www.w3.org/2001/XMLSchema-instance" xsi:noNamespaceSchemaLocation="https://maven.apache.org/surefire/maven-surefire-plugin/xsd/surefire-test-report-3.0.xsd" version="3.0" name="TestSuite" time="9.719" tests="1" errors="0" skipped="0" failures="0">
  <properties>
[...]
</properties>
  <testcase name="runScenario[&quot;User is able to log in via email&quot;, &quot;Demo&quot;](1)" classname="testOptions.TestNGRunner" time="8.946">
    <system-out><![CDATA[
@uut
Scenario: User is able to log in via email                  # src/test/java/features/DemoFeature.feature:4
null
lololabcd
null
lololabcd
  Given User is on the login page                           # stepDefinitions.LoginSteps.user_is_on_the_login_page()
null
lololabcd
  When User logs in with "standard_user" and "secret_sauce" # stepDefinitions.LoginSteps.user_logs_in_with_and(java.lang.String,java.lang.String)
null
lololabcd
  Then User is Logged In                                    # stepDefinitions.LoginSteps.user_is_logged_in()
null
lololabcd
null
lololabcd
]]></system-out>
    <system-err><![CDATA[Jun 22, 2024 7:53:53 PM org.openqa.selenium.devtools.CdpVersionFinder findNearestMatch
WARNING: Unable to find an exact match for CDP version 126, returning the closest version; found: 125; Please update to a Selenium version that supports CDP version 126
]]></system-err>
  </testcase>
</testsuite>