<?xml version="1.0" encoding="UTF-8"?>
<testng-results ignored="0" total="1" passed="1" failed="0" skipped="0">
  <reporter-output>
  </reporter-output>
  <suite started-at="2024-06-22T19:53:52 PST" name="Surefire suite" finished-at="2024-06-22T19:54:01 PST" duration-ms="9439">
    <groups>
      <group name="cucumber">
        <method signature="AbstractTestNGCucumberTests.runScenario(io.cucumber.testng.PickleWrapper,io.cucumber.testng.FeatureWrapper)[pri:0, instance:testOptions.TestNGRunner@44ebcd03]" name="runScenario" class="io.cucumber.testng.AbstractTestNGCucumberTests"/>
      </group> <!-- cucumber -->
    </groups>
    <test started-at="2024-06-22T19:53:52 PST" name="Surefire test" finished-at="2024-06-22T19:54:01 PST" duration-ms="9439">
      <class name="testOptions.TestNGRunner">
        <test-method is-config="true" signature="setUpClass(org.testng.ITestContext)[pri:0, instance:testOptions.TestNGRunner@44ebcd03]" started-at="2024-06-22T19:53:52 PST" name="setUpClass" finished-at="2024-06-22T19:53:52 PST" duration-ms="262" status="PASS">
          <params>
            <param index="0">
              <value>
                <![CDATA[org.testng.TestRunner@503df2d0]]>
              </value>
            </param>
          </params>
          <reporter-output>
          </reporter-output>
        </test-method> <!-- setUpClass -->
        <test-method signature="runScenario(io.cucumber.testng.PickleWrapper,io.cucumber.testng.FeatureWrapper)[pri:0, instance:testOptions.TestNGRunner@44ebcd03]" started-at="2024-06-22T19:53:52 PST" name="runScenario" description="Runs Cucumber Scenarios" data-provider="scenarios" finished-at="2024-06-22T19:54:01 PST" duration-ms="8945" status="PASS">
          <params>
            <param index="0">
              <value>
                <![CDATA["User is able to log in via email"]]>
              </value>
            </param>
            <param index="1">
              <value>
                <![CDATA["Demo"]]>
              </value>
            </param>
          </params>
          <reporter-output>
          </reporter-output>
        </test-method> <!-- runScenario -->
        <test-method is-config="true" signature="tearDownClass()[pri:0, instance:testOptions.TestNGRunner@44ebcd03]" started-at="2024-06-22T19:54:01 PST" name="tearDownClass" finished-at="2024-06-22T19:54:01 PST" duration-ms="205" status="PASS">
          <reporter-output>
          </reporter-output>
        </test-method> <!-- tearDownClass -->
      </class> <!-- testOptions.TestNGRunner -->
    </test> <!-- Surefire test -->
  </suite> <!-- Surefire suite -->
</testng-results>
