<?xml version="1.0" encoding="UTF-8"?>
<testng-results ignored="0" total="1" passed="1" failed="0" skipped="0">
  <reporter-output>
  </reporter-output>
  <suite started-at="2023-10-09T18:26:22 PST" name="Default suite" finished-at="2023-10-09T18:26:24 PST" duration-ms="2683">
    <groups>
      <group name="cucumber">
        <method signature="AbstractTestNGCucumberTests.runScenario(io.cucumber.testng.PickleWrapper,io.cucumber.testng.FeatureWrapper)[pri:0, instance:testOptions.TestNGRunner@35841320]" name="runScenario" class="io.cucumber.testng.AbstractTestNGCucumberTests"/>
      </group> <!-- cucumber -->
    </groups>
    <test started-at="2023-10-09T18:26:22 PST" name="Default test" finished-at="2023-10-09T18:26:24 PST" duration-ms="2683">
      <class name="testOptions.TestNGRunner">
        <test-method is-config="true" signature="setUpClass(org.testng.ITestContext)[pri:0, instance:testOptions.TestNGRunner@35841320]" started-at="2023-10-09T18:26:22 PST" name="setUpClass" finished-at="2023-10-09T18:26:22 PST" duration-ms="328" status="PASS">
          <params>
            <param index="0">
              <value>
                <![CDATA[org.testng.TestRunner@44aa2e13]]>
              </value>
            </param>
          </params>
          <reporter-output>
          </reporter-output>
        </test-method> <!-- setUpClass -->
        <test-method signature="runScenario(io.cucumber.testng.PickleWrapper,io.cucumber.testng.FeatureWrapper)[pri:0, instance:testOptions.TestNGRunner@35841320]" started-at="2023-10-09T18:26:22 PST" name="runScenario" description="Runs Cucumber Scenarios" data-provider="scenarios" finished-at="2023-10-09T18:26:24 PST" duration-ms="2136" status="PASS">
          <params>
            <param index="0">
              <value>
                <![CDATA["User is able to log in via email"]]>
              </value>
            </param>
            <param index="1">
              <value>
                <![CDATA["Test feature"]]>
              </value>
            </param>
          </params>
          <reporter-output>
          </reporter-output>
        </test-method> <!-- runScenario -->
        <test-method is-config="true" signature="tearDownClass()[pri:0, instance:testOptions.TestNGRunner@35841320]" started-at="2023-10-09T18:26:24 PST" name="tearDownClass" finished-at="2023-10-09T18:26:24 PST" duration-ms="183" status="PASS">
          <reporter-output>
          </reporter-output>
        </test-method> <!-- tearDownClass -->
      </class> <!-- testOptions.TestNGRunner -->
    </test> <!-- Default test -->
  </suite> <!-- Default suite -->
</testng-results>
